[debug] [2026-03-07T21:47:56.339Z] ----------------------------------------------------------------------
[debug] [2026-03-07T21:47:56.354Z] Command:       /home/daisaku/.nvm/versions/node/v18.20.8/bin/node /home/daisaku/.nvm/versions/node/v18.20.8/bin/firebase deploy --only functions
[debug] [2026-03-07T21:47:56.356Z] CLI Version:   13.35.1
[debug] [2026-03-07T21:47:56.358Z] Platform:      linux
[debug] [2026-03-07T21:47:56.359Z] Node Version:  v18.20.8
[debug] [2026-03-07T21:47:56.367Z] Time:          Sat Mar 07 2026 21:47:56 GMT+0000 (協定世界時)
[debug] [2026-03-07T21:47:56.368Z] ----------------------------------------------------------------------
[debug] 
[debug] [2026-03-07T21:47:57.958Z] > command requires scopes: ["email","openid","https://www.googleapis.com/auth/cloudplatformprojects.readonly","https://www.googleapis.com/auth/firebase","https://www.googleapis.com/auth/cloud-platform"]
[debug] [2026-03-07T21:47:57.960Z] > authorizing via signed-in user (daisaku31469@gmail.com)
[debug] [2026-03-07T21:47:57.960Z] [iam] checking project weather-app-82ee8 for permissions ["cloudfunctions.functions.create","cloudfunctions.functions.delete","cloudfunctions.functions.get","cloudfunctions.functions.list","cloudfunctions.functions.update","cloudfunctions.operations.get","firebase.projects.get"]
[debug] [2026-03-07T21:47:57.966Z] Checked if tokens are valid: false, expires at: 1772916723523
[debug] [2026-03-07T21:47:57.966Z] Checked if tokens are valid: false, expires at: 1772916723523
[debug] [2026-03-07T21:47:57.968Z] > refreshing access token with scopes: []
[debug] [2026-03-07T21:47:57.982Z] >>> [apiv2][query] POST https://www.googleapis.com/oauth2/v3/token [none]
[debug] [2026-03-07T21:47:57.983Z] >>> [apiv2][body] POST https://www.googleapis.com/oauth2/v3/token [omitted]
[debug] [2026-03-07T21:47:58.279Z] Error: Client network socket disconnected before secure TLS connection was established
    at connResetException (node:internal/errors:720:14)
    at TLSSocket.onConnectEnd (node:_tls_wrap:1714:19)
    at TLSSocket.emit (node:events:529:35)
    at TLSSocket.emit (node:domain:489:12)
    at endReadableNT (node:internal/streams/readable:1400:12)
    at process.processTicksAndRejections (node:internal/process/task_queues:82:21)
[error] 
[error] Error: An unexpected error has occurred.
[debug] [2026-03-07T21:47:58.291Z] *** [apiv2] error from fetch(https://www.googleapis.com/oauth2/v3/token, {"headers":{},"method":"POST","agent":{"_events":{},"_eventsCount":2,"options":{"noDelay":true,"path":null},"requests":{},"sockets":{"www.googleapis.com:443:::::::::::::::::::::":[]},"freeSockets":{},"keepAliveMsecs":1000,"keepAlive":false,"maxSockets":null,"maxFreeSockets":256,"scheduling":"lifo","maxTotalSockets":null,"totalSocketCount":0,"cache":{"max":20,"maxSize":0,"maxEntrySize":0,"fetchMethod":null,"keyMap":{},"keyList":["https:+https://127.0.0.1:10809/",null,null,null,null,null,null,null,null,null,null,null,null,null,null,null,null,null,null,null],"valList":[{"_events":{},"_eventsCount":2,"options":{},"requests":{},"sockets":{"www.googleapis.com:443:::::::::::::::::::::":[]},"freeSockets":{},"keepAliveMsecs":1000,"keepAlive":false,"maxSockets":null,"maxFreeSockets":256,"scheduling":"lifo","maxTotalSockets":null,"totalSocketCount":0,"proxy":"https://127.0.0.1:10809/","proxyHeaders":{},"connectOpts":{"ALPNProtocols":["http/1.1"],"host":"127.0.0.1","port":10809}},null,null,null,null,null,null,null,null,null,null,null,null,null,null,null,null,null,null,null],"next":{"0":0,"1":0,"2":0,"3":0,"4":0,"5":0,"6":0,"7":0,"8":0,"9":0,"10":0,"11":0,"12":0,"13":0,"14":0,"15":0,"16":0,"17":0,"18":0,"19":0},"prev":{"0":0,"1":0,"2":0,"3":0,"4":0,"5":0,"6":0,"7":0,"8":0,"9":0,"10":0,"11":0,"12":0,"13":0,"14":0,"15":0,"16":0,"17":0,"18":0,"19":0},"head":0,"tail":0,"free":{"heap":{"0":0,"1":0,"2":0,"3":0,"4":0,"5":0,"6":0,"7":0,"8":0,"9":0,"10":0,"11":0,"12":0,"13":0,"14":0,"15":0,"16":0,"17":0,"18":0,"19":0},"length":0},"initialFill":1,"size":1,"disposeAfter":null,"disposed":null,"noDisposeOnSet":false,"noUpdateTTL":false,"noDeleteOnFetchRejection":false,"allowStaleOnFetchRejection":false,"allowStaleOnFetchAbort":false,"ignoreFetchAbort":false,"allowStale":false,"noDeleteOnStaleGet":false,"updateAgeOnGet":false,"updateAgeOnHas":false,"ttlResolution":1,"ttlAutopurge":false,"ttl":0},"httpAgent":{"_events":{},"_eventsCount":2,"defaultPort":80,"protocol":"http:","options":{"noDelay":true,"path":null},"requests":{},"sockets":{},"freeSockets":{},"keepAliveMsecs":1000,"keepAlive":false,"maxSockets":null,"maxFreeSockets":256,"scheduling":"lifo","maxTotalSockets":null,"totalSocketCount":0},"httpsAgent":{"_events":{},"_eventsCount":2,"defaultPort":443,"protocol":"https:","options":{"noDelay":true,"path":null},"requests":{},"sockets":{},"freeSockets":{},"keepAliveMsecs":1000,"keepAlive":false,"maxSockets":null,"maxFreeSockets":256,"scheduling":"lifo","maxTotalSockets":null,"totalSocketCount":0,"maxCachedSessions":100,"_sessionCache":{"map":{},"list":[]}}},"body":{"_overheadLength":545,"_valueLength":212,"_valuesToMeasure":[],"writable":false,"readable":true,"dataSize":0,"maxDataSize":2097152,"pauseStreams":true,"_released":true,"_streams":[],"_currentStream":null,"_insideLoop":false,"_pendingNext":false,"_boundary":"--------------------------1829b1f8a61154ff0c8b1ddb","_events":{},"_eventsCount":1}}): FetchError: request to https://www.googleapis.com/oauth2/v3/token failed, reason: Proxy connection ended before receiving CONNECT response
[error] Authentication Error: Your credentials are no longer valid. Please run firebase login --reauth

For CI servers and headless environments, generate a new token with firebase login:ci
[debug] [2026-03-07T21:47:58.294Z] [iam] error while checking permissions, command may fail: Authentication Error: Your credentials are no longer valid. Please run firebase login --reauth

For CI servers and headless environments, generate a new token with firebase login:ci
[debug] [2026-03-07T21:47:58.296Z] Checked if tokens are valid: false, expires at: 1772916723523
[debug] [2026-03-07T21:47:58.296Z] Checked if tokens are valid: false, expires at: 1772916723523
[debug] [2026-03-07T21:47:58.296Z] > refreshing access token with scopes: []
[debug] [2026-03-07T21:47:58.299Z] >>> [apiv2][query] POST https://www.googleapis.com/oauth2/v3/token [none]
[debug] [2026-03-07T21:47:58.300Z] >>> [apiv2][body] POST https://www.googleapis.com/oauth2/v3/token [omitted]
[debug] [2026-03-07T21:47:58.346Z] Error: Client network socket disconnected before secure TLS connection was established
    at connResetException (node:internal/errors:720:14)
    at TLSSocket.onConnectEnd (node:_tls_wrap:1714:19)
    at TLSSocket.emit (node:events:529:35)
    at TLSSocket.emit (node:domain:489:12)
    at endReadableNT (node:internal/streams/readable:1400:12)
    at process.processTicksAndRejections (node:internal/process/task_queues:82:21)
[error] 
[error] Error: An unexpected error has occurred.
[debug] [2026-03-07T21:47:58.348Z] *** [apiv2] error from fetch(https://www.googleapis.com/oauth2/v3/token, {"headers":{},"method":"POST","agent":{"_events":{},"_eventsCount":2,"options":{"noDelay":true,"path":null},"requests":{},"sockets":{"www.googleapis.com:443:::::::::::::::::::::":[]},"freeSockets":{},"keepAliveMsecs":1000,"keepAlive":false,"maxSockets":null,"maxFreeSockets":256,"scheduling":"lifo","maxTotalSockets":null,"totalSocketCount":0,"cache":{"max":20,"maxSize":0,"maxEntrySize":0,"fetchMethod":null,"keyMap":{},"keyList":["https:+https://127.0.0.1:10809/",null,null,null,null,null,null,null,null,null,null,null,null,null,null,null,null,null,null,null],"valList":[{"_events":{},"_eventsCount":2,"options":{},"requests":{},"sockets":{"www.googleapis.com:443:::::::::::::::::::::":[]},"freeSockets":{},"keepAliveMsecs":1000,"keepAlive":false,"maxSockets":null,"maxFreeSockets":256,"scheduling":"lifo","maxTotalSockets":null,"totalSocketCount":0,"proxy":"https://127.0.0.1:10809/","proxyHeaders":{},"connectOpts":{"ALPNProtocols":["http/1.1"],"host":"127.0.0.1","port":10809}},null,null,null,null,null,null,null,null,null,null,null,null,null,null,null,null,null,null,null],"next":{"0":0,"1":0,"2":0,"3":0,"4":0,"5":0,"6":0,"7":0,"8":0,"9":0,"10":0,"11":0,"12":0,"13":0,"14":0,"15":0,"16":0,"17":0,"18":0,"19":0},"prev":{"0":0,"1":0,"2":0,"3":0,"4":0,"5":0,"6":0,"7":0,"8":0,"9":0,"10":0,"11":0,"12":0,"13":0,"14":0,"15":0,"16":0,"17":0,"18":0,"19":0},"head":0,"tail":0,"free":{"heap":{"0":0,"1":0,"2":0,"3":0,"4":0,"5":0,"6":0,"7":0,"8":0,"9":0,"10":0,"11":0,"12":0,"13":0,"14":0,"15":0,"16":0,"17":0,"18":0,"19":0},"length":0},"initialFill":1,"size":1,"disposeAfter":null,"disposed":null,"noDisposeOnSet":false,"noUpdateTTL":false,"noDeleteOnFetchRejection":false,"allowStaleOnFetchRejection":false,"allowStaleOnFetchAbort":false,"ignoreFetchAbort":false,"allowStale":false,"noDeleteOnStaleGet":false,"updateAgeOnGet":false,"updateAgeOnHas":false,"ttlResolution":1,"ttlAutopurge":false,"ttl":0},"httpAgent":{"_events":{},"_eventsCount":2,"defaultPort":80,"protocol":"http:","options":{"noDelay":true,"path":null},"requests":{},"sockets":{},"freeSockets":{},"keepAliveMsecs":1000,"keepAlive":false,"maxSockets":null,"maxFreeSockets":256,"scheduling":"lifo","maxTotalSockets":null,"totalSocketCount":0},"httpsAgent":{"_events":{},"_eventsCount":2,"defaultPort":443,"protocol":"https:","options":{"noDelay":true,"path":null},"requests":{},"sockets":{},"freeSockets":{},"keepAliveMsecs":1000,"keepAlive":false,"maxSockets":null,"maxFreeSockets":256,"scheduling":"lifo","maxTotalSockets":null,"totalSocketCount":0,"maxCachedSessions":100,"_sessionCache":{"map":{},"list":[]}}},"body":{"_overheadLength":545,"_valueLength":212,"_valuesToMeasure":[],"writable":false,"readable":true,"dataSize":0,"maxDataSize":2097152,"pauseStreams":true,"_released":true,"_streams":[],"_currentStream":null,"_insideLoop":false,"_pendingNext":false,"_boundary":"--------------------------3f5a319c729cd8738ed1c801","_events":{},"_eventsCount":1}}): FetchError: request to https://www.googleapis.com/oauth2/v3/token failed, reason: Proxy connection ended before receiving CONNECT response
[error] Authentication Error: Your credentials are no longer valid. Please run firebase login --reauth

For CI servers and headless environments, generate a new token with firebase login:ci
[debug] [2026-03-07T21:47:58.350Z] [functions] service account IAM check errored, deploy may fail: Authentication Error: Your credentials are no longer valid. Please run firebase login --reauth

For CI servers and headless environments, generate a new token with firebase login:ci {"name":"FirebaseError","children":[],"exit":1,"message":"Authentication Error: Your credentials are no longer valid. Please run \u001b[1mfirebase login --reauth\u001b[22m\n\nFor CI servers and headless environments, generate a new token with \u001b[1mfirebase login:ci\u001b[22m","status":500}
[info] 
[info] === Deploying to 'weather-app-82ee8'...
[info] 
[info] i  deploying functions 
[info] Running command: npm --prefix "$RESOURCE_DIR" run build
